Vivado Simulator 2020.2
Copyright 1986-1999, 2001-2020 Xilinx, Inc. All Rights Reserved.
Running: C:/Xilinx/Vivado/2020.2/bin/unwrapped/win64.o/xelab.exe -wto 54eeace331c64dd4bdbcfcc0736b22ac --incr --debug typical --relax --mt 2 -L xil_defaultlib -L secureip --snapshot project_tb_behav xil_defaultlib.project_tb -log elaborate.log 
Using 2 slave threads.
Starting static elaboration
Completed static elaboration
Starting simulation data flow analysis
Completed simulation data flow analysis
Time Resolution for simulation is 1ps
Compiling package std.standard
Compiling package std.textio
Compiling package ieee.std_logic_1164
Compiling package ieee.numeric_std
Compiling package ieee.std_logic_arith
Compiling package ieee.std_logic_unsigned
Compiling architecture behavioral of entity xil_defaultlib.reg_8_bit [reg_8_bit_default]
Compiling architecture behavioral of entity xil_defaultlib.reg_16_bit [reg_16_bit_default]
Compiling architecture behavioral of entity xil_defaultlib.counter_16_bit [counter_16_bit_default]
Compiling architecture behavioral of entity xil_defaultlib.mux_4_1_16_bit [mux_4_1_16_bit_default]
Compiling architecture behavioral of entity xil_defaultlib.reg_8_bit_h [reg_8_bit_h_default]
Compiling architecture behavioral of entity xil_defaultlib.reg_9_bit [reg_9_bit_default]
Compiling architecture behavioral of entity xil_defaultlib.datapath [datapath_default]
Compiling architecture behavioral of entity xil_defaultlib.project_reti_logiche [project_reti_logiche_default]
Compiling architecture projecttb of entity xil_defaultlib.project_tb
Built simulation snapshot project_tb_behav
